# JRE version: Java(TM) SE Runtime Environment (20.0.1+9) (build 20.0.1+9-29)
# Java VM: Java HotSpot(TM) 64-Bit Server VM (20.0.1+9-29, mixed mode, sharing, tiered, compressed oops, compressed class ptrs, g1 gc, windows-amd64)
GC Precious Log:
 CardTable entry size: 512
 Card Set container configuration: InlinePtr #cards 4 size 8 Array Of Cards #cards 16 size 48 Howl #buckets 8 coarsen threshold 3686 Howl Bitmap #cards 512 size 80 coarsen threshold 460 Card regions per heap region 1 cards per card region 4096
 CPUs: 16 total, 16 available
 Memory: 16085M
 Large Page Support: Disabled
 NUMA Support: Disabled
 Compressed Oops: Enabled (Zero based)
 Heap Region Size: 2M
 Heap Min Capacity: 8M
 Heap Initial Capacity: 252M
 Heap Max Capacity: 4022M
 Pre-touch: Disabled
 Parallel Workers: 13
 Concurrent Workers: 3
 Concurrent Refinement Workers: 13
 Periodic GC: Disabled
Heap:
 garbage-first heap   total 206848K, used 128950K [0x0000000704a00000, 0x0000000800000000)
  region size 2048K, 44 young (90112K), 1 survivors (2048K)
 Metaspace       used 89139K, committed 90112K, reserved 1179648K
  class space    used 11220K, committed 11712K, reserved 1048576K
GC Heap History (20 events):
Event: 1950.168 GC heap before
{Heap before GC invocations=295 (full 0):
 garbage-first heap   total 206848K, used 163806K [0x0000000704a00000, 0x0000000800000000)
  region size 2048K, 60 young (122880K), 1 survivors (2048K)
 Metaspace       used 89139K, committed 90112K, reserved 1179648K
  class space    used 11220K, committed 11712K, reserved 1048576K
}
Event: 1950.171 GC heap after
{Heap after GC invocations=296 (full 0):
 garbage-first heap   total 206848K, used 44456K [0x0000000704a00000, 0x0000000800000000)
  region size 2048K, 1 young (2048K), 1 survivors (2048K)
 Metaspace       used 89139K, committed 90112K, reserved 1179648K
  class space    used 11220K, committed 11712K, reserved 1048576K
}
Event: 1952.469 GC heap before
{Heap before GC invocations=296 (full 0):
 garbage-first heap   total 206848K, used 163240K [0x0000000704a00000, 0x0000000800000000)
  region size 2048K, 60 young (122880K), 1 survivors (2048K)
 Metaspace       used 89139K, committed 90112K, reserved 1179648K
  class space    used 11220K, committed 11712K, reserved 1048576K
}
Event: 1952.472 GC heap after
{Heap after GC invocations=297 (full 0):
 garbage-first heap   total 206848K, used 44940K [0x0000000704a00000, 0x0000000800000000)
  region size 2048K, 1 young (2048K), 1 survivors (2048K)
 Metaspace       used 89139K, committed 90112K, reserved 1179648K
  class space    used 11220K, committed 11712K, reserved 1048576K
}
Event: 1955.704 GC heap before
{Heap before GC invocations=297 (full 0):
 garbage-first heap   total 206848K, used 163724K [0x0000000704a00000, 0x0000000800000000)
  region size 2048K, 60 young (122880K), 1 survivors (2048K)
 Metaspace       used 89139K, committed 90112K, reserved 1179648K
  class space    used 11220K, committed 11712K, reserved 1048576K
}
Event: 1955.707 GC heap after
{Heap after GC invocations=298 (full 0):
 garbage-first heap   total 206848K, used 44454K [0x0000000704a00000, 0x0000000800000000)
  region size 2048K, 1 young (2048K), 1 survivors (2048K)
 Metaspace       used 89139K, committed 90112K, reserved 1179648K
  class space    used 11220K, committed 11712K, reserved 1048576K
}
Event: 1958.571 GC heap before
{Heap before GC invocations=298 (full 0):
 garbage-first heap   total 206848K, used 163238K [0x0000000704a00000, 0x0000000800000000)
  region size 2048K, 60 young (122880K), 1 survivors (2048K)
 Metaspace       used 89139K, committed 90112K, reserved 1179648K
  class space    used 11220K, committed 11712K, reserved 1048576K
}
Event: 1958.574 GC heap after
{Heap after GC invocations=299 (full 0):
 garbage-first heap   total 206848K, used 44440K [0x0000000704a00000, 0x0000000800000000)
  region size 2048K, 1 young (2048K), 1 survivors (2048K)
 Metaspace       used 89139K, committed 90112K, reserved 1179648K
  class space    used 11220K, committed 11712K, reserved 1048576K
}
Event: 1961.685 GC heap before
{Heap before GC invocations=299 (full 0):
 garbage-first heap   total 206848K, used 163224K [0x0000000704a00000, 0x0000000800000000)
  region size 2048K, 60 young (122880K), 1 survivors (2048K)
 Metaspace       used 89139K, committed 90112K, reserved 1179648K
  class space    used 11220K, committed 11712K, reserved 1048576K
}
Event: 1961.689 GC heap after
{Heap after GC invocations=300 (full 0):
 garbage-first heap   total 206848K, used 45024K [0x0000000704a00000, 0x0000000800000000)
  region size 2048K, 1 young (2048K), 1 survivors (2048K)
 Metaspace       used 89139K, committed 90112K, reserved 1179648K
  class space    used 11220K, committed 11712K, reserved 1048576K
}
Event: 1963.930 GC heap before
{Heap before GC invocations=300 (full 0):
 garbage-first heap   total 206848K, used 163808K [0x0000000704a00000, 0x0000000800000000)
  region size 2048K, 60 young (122880K), 1 survivors (2048K)
 Metaspace       used 89139K, committed 90112K, reserved 1179648K
  class space    used 11220K, committed 11712K, reserved 1048576K
}
Event: 1963.933 GC heap after
{Heap after GC invocations=301 (full 0):
 garbage-first heap   total 206848K, used 44450K [0x0000000704a00000, 0x0000000800000000)
  region size 2048K, 1 young (2048K), 1 survivors (2048K)
 Metaspace       used 89139K, committed 90112K, reserved 1179648K
  class space    used 11220K, committed 11712K, reserved 1048576K
}
Event: 1965.891 GC heap before
{Heap before GC invocations=301 (full 0):
 garbage-first heap   total 206848K, used 163234K [0x0000000704a00000, 0x0000000800000000)
  region size 2048K, 60 young (122880K), 1 survivors (2048K)
 Metaspace       used 89139K, committed 90112K, reserved 1179648K
  class space    used 11220K, committed 11712K, reserved 1048576K
}
Event: 1965.893 GC heap after
{Heap after GC invocations=302 (full 0):
 garbage-first heap   total 206848K, used 44980K [0x0000000704a00000, 0x0000000800000000)
  region size 2048K, 1 young (2048K), 1 survivors (2048K)
 Metaspace       used 89139K, committed 90112K, reserved 1179648K
  class space    used 11220K, committed 11712K, reserved 1048576K
}
Event: 1967.679 GC heap before
{Heap before GC invocations=302 (full 0):
 garbage-first heap   total 206848K, used 163764K [0x0000000704a00000, 0x0000000800000000)
  region size 2048K, 60 young (122880K), 1 survivors (2048K)
 Metaspace       used 89139K, committed 90112K, reserved 1179648K
  class space    used 11220K, committed 11712K, reserved 1048576K
}
Event: 1967.682 GC heap after
{Heap after GC invocations=303 (full 0):
 garbage-first heap   total 206848K, used 44454K [0x0000000704a00000, 0x0000000800000000)
  region size 2048K, 1 young (2048K), 1 survivors (2048K)
 Metaspace       used 89139K, committed 90112K, reserved 1179648K
  class space    used 11220K, committed 11712K, reserved 1048576K
}
Event: 1969.207 GC heap before
{Heap before GC invocations=303 (full 0):
 garbage-first heap   total 206848K, used 163238K [0x0000000704a00000, 0x0000000800000000)
  region size 2048K, 60 young (122880K), 1 survivors (2048K)
 Metaspace       used 89139K, committed 90112K, reserved 1179648K
  class space    used 11220K, committed 11712K, reserved 1048576K
}
Event: 1969.209 GC heap after
{Heap after GC invocations=304 (full 0):
 garbage-first heap   total 206848K, used 44450K [0x0000000704a00000, 0x0000000800000000)
  region size 2048K, 1 young (2048K), 1 survivors (2048K)
 Metaspace       used 89139K, committed 90112K, reserved 1179648K
  class space    used 11220K, committed 11712K, reserved 1048576K
}
Event: 1970.857 GC heap before
{Heap before GC invocations=304 (full 0):
 garbage-first heap   total 206848K, used 163234K [0x0000000704a00000, 0x0000000800000000)
  region size 2048K, 60 young (122880K), 1 survivors (2048K)
 Metaspace       used 89139K, committed 90112K, reserved 1179648K
  class space    used 11220K, committed 11712K, reserved 1048576K
}
Event: 1970.859 GC heap after
{Heap after GC invocations=305 (full 0):
 garbage-first heap   total 206848K, used 44982K [0x0000000704a00000, 0x0000000800000000)
  region size 2048K, 1 young (2048K), 1 survivors (2048K)
 Metaspace       used 89139K, committed 90112K, reserved 1179648K
  class space    used 11220K, committed 11712K, reserved 1048576K
}

